<?xml version="1.0" encoding="UTF-8"?>
<testng-results ignored="0" total="1" passed="1" failed="0" skipped="0">
  <reporter-output>
  </reporter-output>
  <suite started-at="2021-06-29T01:45:05 IST" name="eBanking" finished-at="2021-06-29T01:46:21 IST" duration-ms="76394">
    <groups>
    </groups>
    <test started-at="2021-06-29T01:45:05 IST" name="functional Testing" finished-at="2021-06-29T01:46:21 IST" duration-ms="76394">
      <class name="com.ebanking.testCases.loginTest_001">
        <test-method is-config="true" signature="setup(java.lang.String)[pri:0, instance:com.ebanking.testCases.loginTest_001@6283d8b8]" started-at="2021-06-29T01:45:05 IST" name="setup" finished-at="2021-06-29T01:46:06 IST" duration-ms="60970" status="PASS">
          <params>
            <param index="0">
              <value>
                <![CDATA[chrome]]>
              </value>
            </param>
          </params>
          <reporter-output>
          </reporter-output>
        </test-method> <!-- setup -->
        <test-method signature="LoginTest()[pri:0, instance:com.ebanking.testCases.loginTest_001@6283d8b8]" started-at="2021-06-29T01:46:06 IST" name="LoginTest" finished-at="2021-06-29T01:46:16 IST" duration-ms="9413" status="PASS">
          <reporter-output>
          </reporter-output>
        </test-method> <!-- LoginTest -->
        <test-method is-config="true" signature="teardown()[pri:0, instance:com.ebanking.testCases.loginTest_001@6283d8b8]" started-at="2021-06-29T01:46:17 IST" name="teardown" finished-at="2021-06-29T01:46:21 IST" duration-ms="4321" status="PASS">
          <reporter-output>
          </reporter-output>
        </test-method> <!-- teardown -->
      </class> <!-- com.ebanking.testCases.loginTest_001 -->
    </test> <!-- functional Testing -->
  </suite> <!-- eBanking -->
</testng-results>
