<?xml version="1.0" encoding="UTF-8"?>
<testng-results ignored="0" total="1" passed="1" failed="0" skipped="0">
  <reporter-output>
  </reporter-output>
  <suite started-at="2021-06-29T00:40:50 IST" name="eBanking" finished-at="2021-06-29T00:41:14 IST" duration-ms="23770">
    <groups>
    </groups>
    <test started-at="2021-06-29T00:40:50 IST" name="functional Testing" finished-at="2021-06-29T00:41:14 IST" duration-ms="23770">
      <class name="com.ebanking.testCases.loginTest_001">
        <test-method is-config="true" signature="setup(java.lang.String)[pri:0, instance:com.ebanking.testCases.loginTest_001@20140db9]" started-at="2021-06-29T00:40:51 IST" name="setup" finished-at="2021-06-29T00:41:05 IST" duration-ms="13829" status="PASS">
          <params>
            <param index="0">
              <value>
                <![CDATA[chrome]]>
              </value>
            </param>
          </params>
          <reporter-output>
          </reporter-output>
        </test-method> <!-- setup -->
        <test-method signature="LoginTest()[pri:0, instance:com.ebanking.testCases.loginTest_001@20140db9]" started-at="2021-06-29T00:41:05 IST" name="LoginTest" finished-at="2021-06-29T00:41:13 IST" duration-ms="8102" status="PASS">
          <reporter-output>
          </reporter-output>
        </test-method> <!-- LoginTest -->
        <test-method is-config="true" signature="teardown()[pri:0, instance:com.ebanking.testCases.loginTest_001@20140db9]" started-at="2021-06-29T00:41:13 IST" name="teardown" finished-at="2021-06-29T00:41:14 IST" duration-ms="1177" status="PASS">
          <reporter-output>
          </reporter-output>
        </test-method> <!-- teardown -->
      </class> <!-- com.ebanking.testCases.loginTest_001 -->
    </test> <!-- functional Testing -->
  </suite> <!-- eBanking -->
</testng-results>
