<?xml version="1.0" encoding="UTF-8"?>
<!-- Generated by org.testng.reporters.JUnitXMLReporter -->
<testsuite ignored="0" hostname="LAPTOP-DP2HDC81" failures="1" tests="1" name="functional Testing(failed)" time="40.667" errors="0" timestamp="2021-06-24T18:34:41 IST">
  <testcase classname="com.ebanking.testCases.AddCustomerTest_003" name="AddNewCustomer" time="17.364">
    <failure type="java.lang.AssertionError" message="expected [true] but found [false]">
      <![CDATA[java.lang.AssertionError: expected [true] but found [false]
at com.ebanking.testCases.AddCustomerTest_003.AddNewCustomer(AddCustomerTest_003.java:67)
at java.base/java.util.ArrayList.forEach(ArrayList.java:1511)
... Removed 31 stack frames]]>
    </failure>
  </testcase> <!-- AddNewCustomer -->
</testsuite> <!-- functional Testing(failed) -->
